  [1m[35m (0.0ms)[0m  [1m[34mSELECT sqlite_version(*)[0m
  ↳ bin/rails:9
  [1m[35m (1.3ms)[0m  [1m[35mCREATE TABLE "schema_migrations" ("version" varchar NOT NULL PRIMARY KEY)[0m
  ↳ bin/rails:9
  [1m[35m (1.3ms)[0m  [1m[35mCREATE TABLE "ar_internal_metadata" ("key" varchar NOT NULL PRIMARY KEY, "value" varchar, "created_at" datetime NOT NULL, "updated_at" datetime NOT NULL)[0m
  ↳ bin/rails:9
  [1m[35m (0.1ms)[0m  [1m[34mSELECT "schema_migrations"."version" FROM "schema_migrations" ORDER BY "schema_migrations"."version" ASC[0m
  ↳ bin/rails:9
Migrating to DeviseCreateAdminUsers (20200222072014)
  [1m[35m (0.0ms)[0m  [1m[36mbegin transaction[0m
  ↳ bin/rails:9
  [1m[35m (0.9ms)[0m  [1m[35mCREATE TABLE "admin_users" ("id" integer PRIMARY KEY AUTOINCREMENT NOT NULL, "email" varchar DEFAULT '' NOT NULL, "encrypted_password" varchar DEFAULT '' NOT NULL, "reset_password_token" varchar, "reset_password_sent_at" datetime, "remember_created_at" datetime, "created_at" datetime NOT NULL, "updated_at" datetime NOT NULL)[0m
  ↳ db/migrate/20200222072014_devise_create_admin_users.rb:5
  [1m[35m (0.1ms)[0m  [1m[35mCREATE UNIQUE INDEX "index_admin_users_on_email" ON "admin_users" ("email")[0m
  ↳ db/migrate/20200222072014_devise_create_admin_users.rb:39
  [1m[35m (0.1ms)[0m  [1m[35mCREATE UNIQUE INDEX "index_admin_users_on_reset_password_token" ON "admin_users" ("reset_password_token")[0m
  ↳ db/migrate/20200222072014_devise_create_admin_users.rb:40
  [1m[36mActiveRecord::SchemaMigration Create (0.4ms)[0m  [1m[32mINSERT INTO "schema_migrations" ("version") VALUES (?)[0m  [["version", "20200222072014"]]
  ↳ bin/rails:9
  [1m[35m (1.1ms)[0m  [1m[36mcommit transaction[0m
  ↳ bin/rails:9
Migrating to DeviseCreateEndUsers (20200222072022)
  [1m[35m (0.0ms)[0m  [1m[36mbegin transaction[0m
  ↳ bin/rails:9
  [1m[35m (0.9ms)[0m  [1m[35mCREATE TABLE "end_users" ("id" integer PRIMARY KEY AUTOINCREMENT NOT NULL, "email" varchar DEFAULT '' NOT NULL, "encrypted_password" varchar DEFAULT '' NOT NULL, "reset_password_token" varchar, "reset_password_sent_at" datetime, "remember_created_at" datetime, "created_at" datetime NOT NULL, "updated_at" datetime NOT NULL, "first_name" varchar NOT NULL, "last_name" varchar NOT NULL, "first_name_kana" varchar NOT NULL, "last_name_kana" varchar NOT NULL, "postal_code" varchar NOT NULL, "address" varchar NOT NULL, "phone_number" varchar NOT NULL, "is_deleted" boolean DEFAULT 0 NOT NULL)[0m
  ↳ db/migrate/20200222072022_devise_create_end_users.rb:5
  [1m[35m (0.1ms)[0m  [1m[35mCREATE UNIQUE INDEX "index_end_users_on_email" ON "end_users" ("email")[0m
  ↳ db/migrate/20200222072022_devise_create_end_users.rb:48
  [1m[35m (0.1ms)[0m  [1m[35mCREATE UNIQUE INDEX "index_end_users_on_reset_password_token" ON "end_users" ("reset_password_token")[0m
  ↳ db/migrate/20200222072022_devise_create_end_users.rb:49
  [1m[36mActiveRecord::SchemaMigration Create (0.3ms)[0m  [1m[32mINSERT INTO "schema_migrations" ("version") VALUES (?)[0m  [["version", "20200222072022"]]
  ↳ bin/rails:9
  [1m[35m (1.0ms)[0m  [1m[36mcommit transaction[0m
  ↳ bin/rails:9
Migrating to CreateAddresses (20200222072326)
  [1m[35m (0.0ms)[0m  [1m[36mbegin transaction[0m
  ↳ bin/rails:9
  [1m[35m (0.7ms)[0m  [1m[35mCREATE TABLE "addresses" ("id" integer PRIMARY KEY AUTOINCREMENT NOT NULL, "end_user_id" integer NOT NULL, "postal_code" varchar NOT NULL, "ship_to" varchar NOT NULL, "consignee" varchar NOT NULL, "created_at" datetime NOT NULL, "updated_at" datetime NOT NULL)[0m
  ↳ db/migrate/20200222072326_create_addresses.rb:3
  [1m[36mActiveRecord::SchemaMigration Create (0.3ms)[0m  [1m[32mINSERT INTO "schema_migrations" ("version") VALUES (?)[0m  [["version", "20200222072326"]]
  ↳ bin/rails:9
  [1m[35m (1.0ms)[0m  [1m[36mcommit transaction[0m
  ↳ bin/rails:9
Migrating to CreateCartItems (20200222072337)
  [1m[35m (0.0ms)[0m  [1m[36mbegin transaction[0m
  ↳ bin/rails:9
  [1m[35m (0.8ms)[0m  [1m[35mCREATE TABLE "cart_items" ("id" integer PRIMARY KEY AUTOINCREMENT NOT NULL, "end_user_id" integer NOT NULL, "item_id" integer NOT NULL, "amount" integer NOT NULL, "created_at" datetime NOT NULL, "updated_at" datetime NOT NULL)[0m
  ↳ db/migrate/20200222072337_create_cart_items.rb:3
  [1m[36mActiveRecord::SchemaMigration Create (0.4ms)[0m  [1m[32mINSERT INTO "schema_migrations" ("version") VALUES (?)[0m  [["version", "20200222072337"]]
  ↳ bin/rails:9
  [1m[35m (1.3ms)[0m  [1m[36mcommit transaction[0m
  ↳ bin/rails:9
Migrating to CreateOrders (20200222072345)
  [1m[35m (0.0ms)[0m  [1m[36mbegin transaction[0m
  ↳ bin/rails:9
  [1m[35m (0.9ms)[0m  [1m[35mCREATE TABLE "orders" ("id" integer PRIMARY KEY AUTOINCREMENT NOT NULL, "end_user_id" integer NOT NULL, "postal_code" varchar NOT NULL, "ship_to" varchar NOT NULL, "consignee" varchar NOT NULL, "payment" integer NOT NULL, "postage" integer NOT NULL, "total_price" integer NOT NULL, "order_status" integer DEFAULT 0 NOT NULL, "created_at" datetime NOT NULL, "updated_at" datetime NOT NULL)[0m
  ↳ db/migrate/20200222072345_create_orders.rb:3
  [1m[36mActiveRecord::SchemaMigration Create (0.6ms)[0m  [1m[32mINSERT INTO "schema_migrations" ("version") VALUES (?)[0m  [["version", "20200222072345"]]
  ↳ bin/rails:9
  [1m[35m (1.0ms)[0m  [1m[36mcommit transaction[0m
  ↳ bin/rails:9
Migrating to CreateOrderDetails (20200222072352)
  [1m[35m (0.0ms)[0m  [1m[36mbegin transaction[0m
  ↳ bin/rails:9
  [1m[35m (1.0ms)[0m  [1m[35mCREATE TABLE "order_details" ("id" integer PRIMARY KEY AUTOINCREMENT NOT NULL, "order_id" integer NOT NULL, "item_id" integer NOT NULL, "amount" integer NOT NULL, "purchased_price" integer NOT NULL, "making_status" integer DEFAULT 0 NOT NULL, "created_at" datetime NOT NULL, "updated_at" datetime NOT NULL)[0m
  ↳ db/migrate/20200222072352_create_order_details.rb:3
  [1m[36mActiveRecord::SchemaMigration Create (1.0ms)[0m  [1m[32mINSERT INTO "schema_migrations" ("version") VALUES (?)[0m  [["version", "20200222072352"]]
  ↳ bin/rails:9
  [1m[35m (1.9ms)[0m  [1m[36mcommit transaction[0m
  ↳ bin/rails:9
Migrating to CreateItems (20200222072404)
  [1m[35m (0.0ms)[0m  [1m[36mbegin transaction[0m
  ↳ bin/rails:9
  [1m[35m (0.9ms)[0m  [1m[35mCREATE TABLE "items" ("id" integer PRIMARY KEY AUTOINCREMENT NOT NULL, "genre_id" integer NOT NULL, "name" varchar NOT NULL, "introduction" text NOT NULL, "listed_price" integer NOT NULL, "image_id" varchar NOT NULL, "selling_status" boolean DEFAULT 1 NOT NULL, "created_at" datetime NOT NULL, "updated_at" datetime NOT NULL)[0m
  ↳ db/migrate/20200222072404_create_items.rb:3
  [1m[36mActiveRecord::SchemaMigration Create (0.5ms)[0m  [1m[32mINSERT INTO "schema_migrations" ("version") VALUES (?)[0m  [["version", "20200222072404"]]
  ↳ bin/rails:9
  [1m[35m (0.8ms)[0m  [1m[36mcommit transaction[0m
  ↳ bin/rails:9
Migrating to CreateGenres (20200222072412)
  [1m[35m (0.0ms)[0m  [1m[36mbegin transaction[0m
  ↳ bin/rails:9
  [1m[35m (0.7ms)[0m  [1m[35mCREATE TABLE "genres" ("id" integer PRIMARY KEY AUTOINCREMENT NOT NULL, "name" varchar NOT NULL, "is_displayed" boolean DEFAULT 1 NOT NULL, "created_at" datetime NOT NULL, "updated_at" datetime NOT NULL)[0m
  ↳ db/migrate/20200222072412_create_genres.rb:3
  [1m[36mActiveRecord::SchemaMigration Create (0.3ms)[0m  [1m[32mINSERT INTO "schema_migrations" ("version") VALUES (?)[0m  [["version", "20200222072412"]]
  ↳ bin/rails:9
  [1m[35m (0.9ms)[0m  [1m[36mcommit transaction[0m
  ↳ bin/rails:9
  [1m[36mActiveRecord::InternalMetadata Load (0.1ms)[0m  [1m[34mSELECT  "ar_internal_metadata".* FROM "ar_internal_metadata" WHERE "ar_internal_metadata"."key" = ? LIMIT ?[0m  [["key", "environment"], ["LIMIT", 1]]
  ↳ bin/rails:9
  [1m[35m (0.0ms)[0m  [1m[36mbegin transaction[0m
  ↳ bin/rails:9
  [1m[36mActiveRecord::InternalMetadata Create (1.0ms)[0m  [1m[32mINSERT INTO "ar_internal_metadata" ("key", "value", "created_at", "updated_at") VALUES (?, ?, ?, ?)[0m  [["key", "environment"], ["value", "development"], ["created_at", "2020-03-03 15:14:45.736888"], ["updated_at", "2020-03-03 15:14:45.736888"]]
  ↳ bin/rails:9
  [1m[35m (1.1ms)[0m  [1m[36mcommit transaction[0m
  ↳ bin/rails:9
  [1m[35m (0.1ms)[0m  [1m[34mSELECT "schema_migrations"."version" FROM "schema_migrations" ORDER BY "schema_migrations"."version" ASC[0m
  ↳ bin/rails:9
  [1m[35m (0.3ms)[0m  [1m[34mSELECT "schema_migrations"."version" FROM "schema_migrations" ORDER BY "schema_migrations"."version" ASC[0m
  ↳ /usr/local/bin/rake:23
  [1m[35m (0.1ms)[0m  [1m[36mbegin transaction[0m
  ↳ db/seeds.rb:11
  [1m[36mAdminUser Exists (0.6ms)[0m  [1m[34mSELECT  1 AS one FROM "admin_users" WHERE "admin_users"."email" = ? LIMIT ?[0m  [["email", "admin@naganocake.com"], ["LIMIT", 1]]
  ↳ db/seeds.rb:11
  [1m[36mAdminUser Create (2.4ms)[0m  [1m[32mINSERT INTO "admin_users" ("email", "encrypted_password", "created_at", "updated_at") VALUES (?, ?, ?, ?)[0m  [["email", "admin@naganocake.com"], ["encrypted_password", "$2a$11$RvO9qH7r.LplQytmEcAze.hQ8CW.SNalAXSOJgvPil6VLIEN3IS0O"], ["created_at", "2020-03-03 15:14:49.360123"], ["updated_at", "2020-03-03 15:14:49.360123"]]
  ↳ db/seeds.rb:11
  [1m[35m (1.1ms)[0m  [1m[36mcommit transaction[0m
  ↳ db/seeds.rb:11
  [1m[35m (0.1ms)[0m  [1m[36mbegin transaction[0m
  ↳ db/seeds.rb:14
  [1m[36mEndUser Exists (0.7ms)[0m  [1m[34mSELECT  1 AS one FROM "end_users" WHERE "end_users"."email" = ? LIMIT ?[0m  [["email", "test@test.com"], ["LIMIT", 1]]
  ↳ db/seeds.rb:14
  [1m[36mEndUser Create (2.1ms)[0m  [1m[32mINSERT INTO "end_users" ("email", "encrypted_password", "created_at", "updated_at", "first_name", "last_name", "first_name_kana", "last_name_kana", "postal_code", "address", "phone_number") VALUES (?, ?, ?, ?, ?, ?, ?, ?, ?, ?, ?)[0m  [["email", "test@test.com"], ["encrypted_password", "$2a$11$hDQAu34..F0MG0aGW3MMkeUSp9sh6OrjZC/4i6yHoaa2tImaWcXcu"], ["created_at", "2020-03-03 15:14:49.476234"], ["updated_at", "2020-03-03 15:14:49.476234"], ["first_name", "貴明"], ["last_name", "藤野"], ["first_name_kana", "タカアキ"], ["last_name_kana", "フジノ"], ["postal_code", "1234567"], ["address", "東京都"], ["phone_number", "09012345678"]]
  ↳ db/seeds.rb:14
  [1m[35m (1.2ms)[0m  [1m[36mcommit transaction[0m
  ↳ db/seeds.rb:14
  [1m[35m (0.1ms)[0m  [1m[36mbegin transaction[0m
  ↳ db/seeds.rb:15
  [1m[36mEndUser Exists (0.6ms)[0m  [1m[34mSELECT  1 AS one FROM "end_users" WHERE "end_users"."email" = ? LIMIT ?[0m  [["email", "abe@shinzou.com"], ["LIMIT", 1]]
  ↳ db/seeds.rb:15
  [1m[36mEndUser Create (1.7ms)[0m  [1m[32mINSERT INTO "end_users" ("email", "encrypted_password", "created_at", "updated_at", "first_name", "last_name", "first_name_kana", "last_name_kana", "postal_code", "address", "phone_number") VALUES (?, ?, ?, ?, ?, ?, ?, ?, ?, ?, ?)[0m  [["email", "abe@shinzou.com"], ["encrypted_password", "$2a$11$xD8g4bArjaJESAO2vIFyG.UFe5GPa3pOp6MnYdWkkY3c6mQtvl7.G"], ["created_at", "2020-03-03 15:14:49.577038"], ["updated_at", "2020-03-03 15:14:49.577038"], ["first_name", "晋三"], ["last_name", "安倍"], ["first_name_kana", "シンゾウ"], ["last_name_kana", "アベ"], ["postal_code", "1234567"], ["address", "国会議事堂"], ["phone_number", "09000889464"]]
  ↳ db/seeds.rb:15
  [1m[35m (1.1ms)[0m  [1m[36mcommit transaction[0m
  ↳ db/seeds.rb:15
  [1m[35m (0.1ms)[0m  [1m[36mbegin transaction[0m
  ↳ db/seeds.rb:16
  [1m[36mEndUser Exists (0.5ms)[0m  [1m[34mSELECT  1 AS one FROM "end_users" WHERE "end_users"."email" = ? LIMIT ?[0m  [["email", "syoutoku@taishi.com"], ["LIMIT", 1]]
  ↳ db/seeds.rb:16
  [1m[36mEndUser Create (1.4ms)[0m  [1m[32mINSERT INTO "end_users" ("email", "encrypted_password", "created_at", "updated_at", "first_name", "last_name", "first_name_kana", "last_name_kana", "postal_code", "address", "phone_number") VALUES (?, ?, ?, ?, ?, ?, ?, ?, ?, ?, ?)[0m  [["email", "syoutoku@taishi.com"], ["encrypted_password", "$2a$11$sKDO/BgL8piIc3Y9gj.c6uNr5Lmx9nygvHSs0kjMjVVX2Q4xo19cm"], ["created_at", "2020-03-03 15:14:49.673457"], ["updated_at", "2020-03-03 15:14:49.673457"], ["first_name", "太子"], ["last_name", "聖徳"], ["first_name_kana", "タイシ"], ["last_name_kana", "ショウトク"], ["postal_code", "1234567"], ["address", "法隆寺"], ["phone_number", "57427311622"]]
  ↳ db/seeds.rb:16
  [1m[35m (0.9ms)[0m  [1m[36mcommit transaction[0m
  ↳ db/seeds.rb:16
  [1m[35m (0.0ms)[0m  [1m[36mbegin transaction[0m
  ↳ db/seeds.rb:19
  [1m[36mEndUser Load (0.4ms)[0m  [1m[34mSELECT  "end_users".* FROM "end_users" WHERE "end_users"."id" = ? LIMIT ?[0m  [["id", 1], ["LIMIT", 1]]
  ↳ db/seeds.rb:19
  [1m[36mAddress Create (1.5ms)[0m  [1m[32mINSERT INTO "addresses" ("end_user_id", "postal_code", "ship_to", "consignee", "created_at", "updated_at") VALUES (?, ?, ?, ?, ?, ?)[0m  [["end_user_id", 1], ["postal_code", "1700013"], ["ship_to", "東京都豊島区南池袋１丁目２８−２"], ["consignee", "ニコニコ本社"], ["created_at", "2020-03-03 15:14:49.688758"], ["updated_at", "2020-03-03 15:14:49.688758"]]
  ↳ db/seeds.rb:19
  [1m[35m (1.1ms)[0m  [1m[36mcommit transaction[0m
  ↳ db/seeds.rb:19
  [1m[35m (0.0ms)[0m  [1m[36mbegin transaction[0m
  ↳ db/seeds.rb:20
  [1m[36mEndUser Load (0.2ms)[0m  [1m[34mSELECT  "end_users".* FROM "end_users" WHERE "end_users"."id" = ? LIMIT ?[0m  [["id", 1], ["LIMIT", 1]]
  ↳ db/seeds.rb:20
  [1m[36mAddress Create (0.6ms)[0m  [1m[32mINSERT INTO "addresses" ("end_user_id", "postal_code", "ship_to", "consignee", "created_at", "updated_at") VALUES (?, ?, ?, ?, ?, ?)[0m  [["end_user_id", 1], ["postal_code", "1020072"], ["ship_to", "東京都千代田区飯田橋２丁目７−３"], ["consignee", "竹書房ビル"], ["created_at", "2020-03-03 15:14:49.693929"], ["updated_at", "2020-03-03 15:14:49.693929"]]
  ↳ db/seeds.rb:20
  [1m[35m (1.2ms)[0m  [1m[36mcommit transaction[0m
  ↳ db/seeds.rb:20
  [1m[35m (0.0ms)[0m  [1m[36mbegin transaction[0m
  ↳ db/seeds.rb:21
  [1m[36mEndUser Load (0.3ms)[0m  [1m[34mSELECT  "end_users".* FROM "end_users" WHERE "end_users"."id" = ? LIMIT ?[0m  [["id", 2], ["LIMIT", 1]]
  ↳ db/seeds.rb:21
  [1m[36mAddress Create (0.9ms)[0m  [1m[32mINSERT INTO "addresses" ("end_user_id", "postal_code", "ship_to", "consignee", "created_at", "updated_at") VALUES (?, ?, ?, ?, ?, ?)[0m  [["end_user_id", 2], ["postal_code", "7000005"], ["ship_to", "岡山県岡山市北区理大町1-1"], ["consignee", "学校法人加計学園"], ["created_at", "2020-03-03 15:14:49.698428"], ["updated_at", "2020-03-03 15:14:49.698428"]]
  ↳ db/seeds.rb:21
  [1m[35m (1.5ms)[0m  [1m[36mcommit transaction[0m
  ↳ db/seeds.rb:21
  [1m[35m (0.0ms)[0m  [1m[36mbegin transaction[0m
  ↳ db/seeds.rb:22
  [1m[36mEndUser Load (0.2ms)[0m  [1m[34mSELECT  "end_users".* FROM "end_users" WHERE "end_users"."id" = ? LIMIT ?[0m  [["id", 3], ["LIMIT", 1]]
  ↳ db/seeds.rb:22
  [1m[36mAddress Create (0.7ms)[0m  [1m[32mINSERT INTO "addresses" ("end_user_id", "postal_code", "ship_to", "consignee", "created_at", "updated_at") VALUES (?, ?, ?, ?, ?, ?)[0m  [["end_user_id", 3], ["postal_code", "5830992"], ["ship_to", "大阪府南河内郡太子町"], ["consignee", "小野妹子"], ["created_at", "2020-03-03 15:14:49.703879"], ["updated_at", "2020-03-03 15:14:49.703879"]]
  ↳ db/seeds.rb:22
  [1m[35m (0.9ms)[0m  [1m[36mcommit transaction[0m
  ↳ db/seeds.rb:22
  [1m[35m (0.0ms)[0m  [1m[36mbegin transaction[0m
  ↳ db/seeds.rb:25
  [1m[36mGenre Create (1.4ms)[0m  [1m[32mINSERT INTO "genres" ("name", "created_at", "updated_at") VALUES (?, ?, ?)[0m  [["name", "ケーキ"], ["created_at", "2020-03-03 15:14:49.711828"], ["updated_at", "2020-03-03 15:14:49.711828"]]
  ↳ db/seeds.rb:25
  [1m[35m (1.4ms)[0m  [1m[36mcommit transaction[0m
  ↳ db/seeds.rb:25
  [1m[35m (0.0ms)[0m  [1m[36mbegin transaction[0m
  ↳ db/seeds.rb:26
  [1m[36mGenre Create (1.0ms)[0m  [1m[32mINSERT INTO "genres" ("name", "created_at", "updated_at") VALUES (?, ?, ?)[0m  [["name", "焼き菓子"], ["created_at", "2020-03-03 15:14:49.717122"], ["updated_at", "2020-03-03 15:14:49.717122"]]
  ↳ db/seeds.rb:26
  [1m[35m (0.9ms)[0m  [1m[36mcommit transaction[0m
  ↳ db/seeds.rb:26
  [1m[35m (0.0ms)[0m  [1m[36mbegin transaction[0m
  ↳ db/seeds.rb:27
  [1m[36mGenre Create (0.9ms)[0m  [1m[32mINSERT INTO "genres" ("name", "created_at", "updated_at") VALUES (?, ?, ?)[0m  [["name", "チョコレート"], ["created_at", "2020-03-03 15:14:49.721318"], ["updated_at", "2020-03-03 15:14:49.721318"]]
  ↳ db/seeds.rb:27
  [1m[35m (1.0ms)[0m  [1m[36mcommit transaction[0m
  ↳ db/seeds.rb:27
  [1m[35m (0.0ms)[0m  [1m[36mbegin transaction[0m
  ↳ db/seeds.rb:28
  [1m[36mGenre Create (0.7ms)[0m  [1m[32mINSERT INTO "genres" ("name", "created_at", "updated_at") VALUES (?, ?, ?)[0m  [["name", "プリン"], ["created_at", "2020-03-03 15:14:49.725083"], ["updated_at", "2020-03-03 15:14:49.725083"]]
  ↳ db/seeds.rb:28
  [1m[35m (0.9ms)[0m  [1m[36mcommit transaction[0m
  ↳ db/seeds.rb:28
  [1m[35m (0.0ms)[0m  [1m[36mbegin transaction[0m
  ↳ db/seeds.rb:29
  [1m[36mGenre Create (0.8ms)[0m  [1m[32mINSERT INTO "genres" ("name", "created_at", "updated_at") VALUES (?, ?, ?)[0m  [["name", "アイスクリーム"], ["created_at", "2020-03-03 15:14:49.728537"], ["updated_at", "2020-03-03 15:14:49.728537"]]
  ↳ db/seeds.rb:29
  [1m[35m (1.1ms)[0m  [1m[36mcommit transaction[0m
  ↳ db/seeds.rb:29
  [1m[35m (0.0ms)[0m  [1m[36mbegin transaction[0m
  ↳ db/seeds.rb:30
  [1m[36mGenre Create (0.9ms)[0m  [1m[32mINSERT INTO "genres" ("name", "created_at", "updated_at") VALUES (?, ?, ?)[0m  [["name", "和菓子"], ["created_at", "2020-03-03 15:14:49.732569"], ["updated_at", "2020-03-03 15:14:49.732569"]]
  ↳ db/seeds.rb:30
  [1m[35m (0.8ms)[0m  [1m[36mcommit transaction[0m
  ↳ db/seeds.rb:30
  [1m[35m (0.0ms)[0m  [1m[36mbegin transaction[0m
  ↳ db/seeds.rb:31
  [1m[36mGenre Create (0.7ms)[0m  [1m[32mINSERT INTO "genres" ("name", "created_at", "updated_at") VALUES (?, ?, ?)[0m  [["name", "その他"], ["created_at", "2020-03-03 15:14:49.736030"], ["updated_at", "2020-03-03 15:14:49.736030"]]
  ↳ db/seeds.rb:31
  [1m[35m (1.0ms)[0m  [1m[36mcommit transaction[0m
  ↳ db/seeds.rb:31
  [1m[35m (0.0ms)[0m  [1m[36mbegin transaction[0m
  ↳ db/seeds.rb:32
  [1m[36mGenre Create (1.7ms)[0m  [1m[32mINSERT INTO "genres" ("name", "is_displayed", "created_at", "updated_at") VALUES (?, ?, ?, ?)[0m  [["name", "表示されないジャンル"], ["is_displayed", 0], ["created_at", "2020-03-03 15:14:49.739767"], ["updated_at", "2020-03-03 15:14:49.739767"]]
  ↳ db/seeds.rb:32
  [1m[35m (1.2ms)[0m  [1m[36mcommit transaction[0m
  ↳ db/seeds.rb:32
  [1m[35m (0.1ms)[0m  [1m[36mbegin transaction[0m
  ↳ db/seeds.rb:36
  [1m[36mGenre Load (0.4ms)[0m  [1m[34mSELECT  "genres".* FROM "genres" WHERE "genres"."id" = ? LIMIT ?[0m  [["id", 1], ["LIMIT", 1]]
  ↳ db/seeds.rb:36
  [1m[36mItem Create (0.7ms)[0m  [1m[32mINSERT INTO "items" ("genre_id", "name", "introduction", "listed_price", "image_id", "created_at", "updated_at") VALUES (?, ?, ?, ?, ?, ?, ?)[0m  [["genre_id", 1], ["name", "ショートケーキ"], ["introduction", "シンプルisベスト!当店人気No.1のケーキです!"], ["listed_price", 500], ["image_id", "c129dcd37394252e5a06f5a062f22203fbe27fe79a22d9c140ba9d472f85"], ["created_at", "2020-03-03 15:14:49.765082"], ["updated_at", "2020-03-03 15:14:49.765082"]]
  ↳ db/seeds.rb:36
  [1m[35m (0.8ms)[0m  [1m[36mcommit transaction[0m
  ↳ db/seeds.rb:36
  [1m[35m (0.0ms)[0m  [1m[36mbegin transaction[0m
  ↳ db/seeds.rb:37
  [1m[36mGenre Load (0.2ms)[0m  [1m[34mSELECT  "genres".* FROM "genres" WHERE "genres"."id" = ? LIMIT ?[0m  [["id", 1], ["LIMIT", 1]]
  ↳ db/seeds.rb:37
  [1m[36mItem Create (0.7ms)[0m  [1m[32mINSERT INTO "items" ("genre_id", "name", "introduction", "listed_price", "image_id", "created_at", "updated_at") VALUES (?, ?, ?, ?, ?, ?, ?)[0m  [["genre_id", 1], ["name", "チョコレートケーキ"], ["introduction", "バンホーテンのカカオ豆を使った濃厚チョコレートケーキ"], ["listed_price", 560], ["image_id", "80bb972ce5e894d8098c76335ff360ab13b44673bccc3f40e38260d9f798"], ["created_at", "2020-03-03 15:14:49.774284"], ["updated_at", "2020-03-03 15:14:49.774284"]]
  ↳ db/seeds.rb:37
  [1m[35m (0.9ms)[0m  [1m[36mcommit transaction[0m
  ↳ db/seeds.rb:37
  [1m[35m (0.0ms)[0m  [1m[36mbegin transaction[0m
  ↳ db/seeds.rb:38
  [1m[36mGenre Load (0.2ms)[0m  [1m[34mSELECT  "genres".* FROM "genres" WHERE "genres"."id" = ? LIMIT ?[0m  [["id", 1], ["LIMIT", 1]]
  ↳ db/seeds.rb:38
  [1m[36mItem Create (0.5ms)[0m  [1m[32mINSERT INTO "items" ("genre_id", "name", "introduction", "listed_price", "image_id", "created_at", "updated_at") VALUES (?, ?, ?, ?, ?, ?, ?)[0m  [["genre_id", 1], ["name", "チーズケーキ"], ["introduction", "北海道産の最高級牛乳使用"], ["listed_price", 480], ["image_id", "e3afb2a04290cc872f1dda3038c9f4c7f847d50482c44e72c0ad714a00ee"], ["created_at", "2020-03-03 15:14:49.781282"], ["updated_at", "2020-03-03 15:14:49.781282"]]
  ↳ db/seeds.rb:38
  [1m[35m (0.9ms)[0m  [1m[36mcommit transaction[0m
  ↳ db/seeds.rb:38
  [1m[35m (0.0ms)[0m  [1m[36mbegin transaction[0m
  ↳ db/seeds.rb:39
  [1m[36mGenre Load (0.2ms)[0m  [1m[34mSELECT  "genres".* FROM "genres" WHERE "genres"."id" = ? LIMIT ?[0m  [["id", 1], ["LIMIT", 1]]
  ↳ db/seeds.rb:39
  [1m[36mItem Create (0.6ms)[0m  [1m[32mINSERT INTO "items" ("genre_id", "name", "introduction", "listed_price", "image_id", "created_at", "updated_at") VALUES (?, ?, ?, ?, ?, ?, ?)[0m  [["genre_id", 1], ["name", "ミルクレープ"], ["introduction", "クレープ生地を15層に重ねたミルクレープです。"], ["listed_price", 480], ["image_id", "06d600c7bc289521ed3ae387c8ff21de9f16ec53162f62e5b42d21cd9c8e"], ["created_at", "2020-03-03 15:14:49.786946"], ["updated_at", "2020-03-03 15:14:49.786946"]]
  ↳ db/seeds.rb:39
  [1m[35m (0.8ms)[0m  [1m[36mcommit transaction[0m
  ↳ db/seeds.rb:39
  [1m[35m (0.0ms)[0m  [1m[36mbegin transaction[0m
  ↳ db/seeds.rb:40
  [1m[36mGenre Load (0.2ms)[0m  [1m[34mSELECT  "genres".* FROM "genres" WHERE "genres"."id" = ? LIMIT ?[0m  [["id", 1], ["LIMIT", 1]]
  ↳ db/seeds.rb:40
  [1m[36mItem Create (0.5ms)[0m  [1m[32mINSERT INTO "items" ("genre_id", "name", "introduction", "listed_price", "image_id", "created_at", "updated_at") VALUES (?, ?, ?, ?, ?, ?, ?)[0m  [["genre_id", 1], ["name", "モンブラン"], ["introduction", "秋季限定!ケーキの中にも栗がたっぷり入ったモンブラン!"], ["listed_price", 580], ["image_id", "59c15d3e19f9b4bc65c28d2a990734daa6c15336af1f5a6902526ceb6a61"], ["created_at", "2020-03-03 15:14:49.792552"], ["updated_at", "2020-03-03 15:14:49.792552"]]
  ↳ db/seeds.rb:40
  [1m[35m (0.8ms)[0m  [1m[36mcommit transaction[0m
  ↳ db/seeds.rb:40
  [1m[35m (0.1ms)[0m  [1m[36mbegin transaction[0m
  ↳ db/seeds.rb:41
  [1m[36mGenre Load (0.2ms)[0m  [1m[34mSELECT  "genres".* FROM "genres" WHERE "genres"."id" = ? LIMIT ?[0m  [["id", 1], ["LIMIT", 1]]
  ↳ db/seeds.rb:41
  [1m[36mItem Create (1.1ms)[0m  [1m[32mINSERT INTO "items" ("genre_id", "name", "introduction", "listed_price", "image_id", "created_at", "updated_at") VALUES (?, ?, ?, ?, ?, ?, ?)[0m  [["genre_id", 1], ["name", "アップルパイ"], ["introduction", "サクッ！！あま〜い❤️シナモンとの相性抜群!長野県産のりんごを贅沢に使って作りました"], ["listed_price", 580], ["image_id", "801573405540d299838817693fd3831a70a4ebcfcfb35e6a4f50e5a0aa38"], ["created_at", "2020-03-03 15:14:49.799592"], ["updated_at", "2020-03-03 15:14:49.799592"]]
  ↳ db/seeds.rb:41
  [1m[35m (1.2ms)[0m  [1m[36mcommit transaction[0m
  ↳ db/seeds.rb:41
  [1m[35m (0.0ms)[0m  [1m[36mbegin transaction[0m
  ↳ db/seeds.rb:42
  [1m[36mGenre Load (0.3ms)[0m  [1m[34mSELECT  "genres".* FROM "genres" WHERE "genres"."id" = ? LIMIT ?[0m  [["id", 2], ["LIMIT", 1]]
  ↳ db/seeds.rb:42
  [1m[36mItem Create (0.6ms)[0m  [1m[32mINSERT INTO "items" ("genre_id", "name", "introduction", "listed_price", "image_id", "created_at", "updated_at") VALUES (?, ?, ?, ?, ?, ?, ?)[0m  [["genre_id", 2], ["name", "スコーン"], ["introduction", "スコーンとは、スコットランド料理の、バノックより重いパン。"], ["listed_price", 275], ["image_id", "eebd77ab026793beff46647c5428b3bf914bc4838d88f5f3928f1707e002"], ["created_at", "2020-03-03 15:14:49.808099"], ["updated_at", "2020-03-03 15:14:49.808099"]]
  ↳ db/seeds.rb:42
  [1m[35m (0.9ms)[0m  [1m[36mcommit transaction[0m
  ↳ db/seeds.rb:42
  [1m[35m (0.0ms)[0m  [1m[36mbegin transaction[0m
  ↳ db/seeds.rb:43
  [1m[36mGenre Load (0.2ms)[0m  [1m[34mSELECT  "genres".* FROM "genres" WHERE "genres"."id" = ? LIMIT ?[0m  [["id", 2], ["LIMIT", 1]]
  ↳ db/seeds.rb:43
  [1m[36mItem Create (0.5ms)[0m  [1m[32mINSERT INTO "items" ("genre_id", "name", "introduction", "listed_price", "image_id", "created_at", "updated_at") VALUES (?, ?, ?, ?, ?, ?, ?)[0m  [["genre_id", 2], ["name", "フルーツパウンドケーキ"], ["introduction", "アプリコット、ラムレーズン、イチジク、オレンジを贅沢に使ったパウンドケーキ。"], ["listed_price", 1500], ["image_id", "78df8765ff39e94e4faa60aebc588596caedf00b78a867add65050875d1a"], ["created_at", "2020-03-03 15:14:49.814024"], ["updated_at", "2020-03-03 15:14:49.814024"]]
  ↳ db/seeds.rb:43
  [1m[35m (0.9ms)[0m  [1m[36mcommit transaction[0m
  ↳ db/seeds.rb:43
  [1m[35m (0.0ms)[0m  [1m[36mbegin transaction[0m
  ↳ db/seeds.rb:44
  [1m[36mGenre Load (0.2ms)[0m  [1m[34mSELECT  "genres".* FROM "genres" WHERE "genres"."id" = ? LIMIT ?[0m  [["id", 2], ["LIMIT", 1]]
  ↳ db/seeds.rb:44
  [1m[36mItem Create (0.6ms)[0m  [1m[32mINSERT INTO "items" ("genre_id", "name", "introduction", "listed_price", "image_id", "created_at", "updated_at") VALUES (?, ?, ?, ?, ?, ?, ?)[0m  [["genre_id", 2], ["name", "クッキー"], ["introduction", "懐かしい味。素朴なクッキーの3枚セット"], ["listed_price", 200], ["image_id", "d830a563779dee9dd1562506aa9d18ac013faa6bbe903988f8491a45bf70"], ["created_at", "2020-03-03 15:14:49.819558"], ["updated_at", "2020-03-03 15:14:49.819558"]]
  ↳ db/seeds.rb:44
  [1m[35m (0.8ms)[0m  [1m[36mcommit transaction[0m
  ↳ db/seeds.rb:44
  [1m[35m (0.0ms)[0m  [1m[36mbegin transaction[0m
  ↳ db/seeds.rb:45
  [1m[36mGenre Load (0.2ms)[0m  [1m[34mSELECT  "genres".* FROM "genres" WHERE "genres"."id" = ? LIMIT ?[0m  [["id", 3], ["LIMIT", 1]]
  ↳ db/seeds.rb:45
  [1m[36mItem Create (0.5ms)[0m  [1m[32mINSERT INTO "items" ("genre_id", "name", "introduction", "listed_price", "image_id", "created_at", "updated_at") VALUES (?, ?, ?, ?, ?, ?, ?)[0m  [["genre_id", 3], ["name", "チョコレート"], ["introduction", "バンホーテンのカカオ豆を使ってますよ。"], ["listed_price", 100], ["image_id", "d470d411751c3e68ec53b6910fe0075469ed0d6de950fefeb2d5cec3db1a"], ["created_at", "2020-03-03 15:14:49.827114"], ["updated_at", "2020-03-03 15:14:49.827114"]]
  ↳ db/seeds.rb:45
  [1m[35m (0.8ms)[0m  [1m[36mcommit transaction[0m
  ↳ db/seeds.rb:45
  [1m[35m (0.0ms)[0m  [1m[36mbegin transaction[0m
  ↳ db/seeds.rb:46
  [1m[36mGenre Load (0.2ms)[0m  [1m[34mSELECT  "genres".* FROM "genres" WHERE "genres"."id" = ? LIMIT ?[0m  [["id", 4], ["LIMIT", 1]]
  ↳ db/seeds.rb:46
  [1m[36mItem Create (1.0ms)[0m  [1m[32mINSERT INTO "items" ("genre_id", "name", "introduction", "listed_price", "image_id", "created_at", "updated_at") VALUES (?, ?, ?, ?, ?, ?, ?)[0m  [["genre_id", 4], ["name", "カスタードプリン"], ["introduction", "シンプルなプリンです。"], ["listed_price", 120], ["image_id", "7dba82def332db191d21b009ab597b5af3a9d80e13a4451ac81987d3cc84"], ["created_at", "2020-03-03 15:14:49.833387"], ["updated_at", "2020-03-03 15:14:49.833387"]]
  ↳ db/seeds.rb:46
  [1m[35m (1.5ms)[0m  [1m[36mcommit transaction[0m
  ↳ db/seeds.rb:46
  [1m[35m (0.0ms)[0m  [1m[36mbegin transaction[0m
  ↳ db/seeds.rb:47
  [1m[36mGenre Load (0.2ms)[0m  [1m[34mSELECT  "genres".* FROM "genres" WHERE "genres"."id" = ? LIMIT ?[0m  [["id", 4], ["LIMIT", 1]]
  ↳ db/seeds.rb:47
  [1m[36mItem Create (2.0ms)[0m  [1m[32mINSERT INTO "items" ("genre_id", "name", "introduction", "listed_price", "image_id", "created_at", "updated_at") VALUES (?, ?, ?, ?, ?, ?, ?)[0m  [["genre_id", 4], ["name", "ミルクプリン"], ["introduction", "北海道産牛乳を使用したクリームが絶品。"], ["listed_price", 180], ["image_id", "1f38bb9dd26aeb2aca5f750ece8fea4a2bff82dd8edfd3bd5bc7e14b5afc"], ["created_at", "2020-03-03 15:14:49.842571"], ["updated_at", "2020-03-03 15:14:49.842571"]]
  ↳ db/seeds.rb:47
  [1m[35m (1.6ms)[0m  [1m[36mcommit transaction[0m
  ↳ db/seeds.rb:47
  [1m[35m (0.1ms)[0m  [1m[36mbegin transaction[0m
  ↳ db/seeds.rb:48
  [1m[36mGenre Load (0.5ms)[0m  [1m[34mSELECT  "genres".* FROM "genres" WHERE "genres"."id" = ? LIMIT ?[0m  [["id", 5], ["LIMIT", 1]]
  ↳ db/seeds.rb:48
  [1m[36mItem Create (1.6ms)[0m  [1m[32mINSERT INTO "items" ("genre_id", "name", "introduction", "listed_price", "image_id", "created_at", "updated_at") VALUES (?, ?, ?, ?, ?, ?, ?)[0m  [["genre_id", 5], ["name", "羊羹"], ["introduction", "北海道産小豆を使用してます。裏ごししてあるので舌触り滑らか。"], ["listed_price", 800], ["image_id", "f8df367d590055e387690dd112909a444626de17b3ba04ea9628049041f6"], ["created_at", "2020-03-03 15:14:49.855355"], ["updated_at", "2020-03-03 15:14:49.855355"]]
  ↳ db/seeds.rb:48
  [1m[35m (1.8ms)[0m  [1m[36mcommit transaction[0m
  ↳ db/seeds.rb:48
  [1m[35m (0.1ms)[0m  [1m[36mbegin transaction[0m
  ↳ db/seeds.rb:49
  [1m[36mGenre Load (0.6ms)[0m  [1m[34mSELECT  "genres".* FROM "genres" WHERE "genres"."id" = ? LIMIT ?[0m  [["id", 6], ["LIMIT", 1]]
  ↳ db/seeds.rb:49
  [1m[36mItem Create (1.7ms)[0m  [1m[32mINSERT INTO "items" ("genre_id", "name", "introduction", "listed_price", "image_id", "created_at", "updated_at") VALUES (?, ?, ?, ?, ?, ?, ?)[0m  [["genre_id", 6], ["name", "アイスクリーム"], ["introduction", "Häagen-Dazsのアイスなので間違いなく美味しいです。"], ["listed_price", 398], ["image_id", "7118bb97a3a818b113c0ff5963c2bbc45829728688a0532718b48e795818"], ["created_at", "2020-03-03 15:14:49.867689"], ["updated_at", "2020-03-03 15:14:49.867689"]]
  ↳ db/seeds.rb:49
  [1m[35m (2.0ms)[0m  [1m[36mcommit transaction[0m
  ↳ db/seeds.rb:49
  [1m[35m (0.1ms)[0m  [1m[36mbegin transaction[0m
  ↳ db/seeds.rb:54
  [1m[36mEndUser Load (0.6ms)[0m  [1m[34mSELECT  "end_users".* FROM "end_users" WHERE "end_users"."id" = ? LIMIT ?[0m  [["id", 1], ["LIMIT", 1]]
  ↳ db/seeds.rb:54
  [1m[36mItem Load (0.2ms)[0m  [1m[34mSELECT  "items".* FROM "items" WHERE "items"."id" = ? LIMIT ?[0m  [["id", 12], ["LIMIT", 1]]
  ↳ db/seeds.rb:54
  [1m[36mCartItem Create (1.3ms)[0m  [1m[32mINSERT INTO "cart_items" ("end_user_id", "item_id", "amount", "created_at", "updated_at") VALUES (?, ?, ?, ?, ?)[0m  [["end_user_id", 1], ["item_id", 12], ["amount", 2], ["created_at", "2020-03-03 15:14:49.885157"], ["updated_at", "2020-03-03 15:14:49.885157"]]
  ↳ db/seeds.rb:54
  [1m[35m (1.6ms)[0m  [1m[36mcommit transaction[0m
  ↳ db/seeds.rb:54
  [1m[35m (0.0ms)[0m  [1m[36mbegin transaction[0m
  ↳ db/seeds.rb:55
  [1m[36mEndUser Load (0.2ms)[0m  [1m[34mSELECT  "end_users".* FROM "end_users" WHERE "end_users"."id" = ? LIMIT ?[0m  [["id", 1], ["LIMIT", 1]]
  ↳ db/seeds.rb:55
  [1m[36mItem Load (0.0ms)[0m  [1m[34mSELECT  "items".* FROM "items" WHERE "items"."id" = ? LIMIT ?[0m  [["id", 9], ["LIMIT", 1]]
  ↳ db/seeds.rb:55
  [1m[36mCartItem Create (0.7ms)[0m  [1m[32mINSERT INTO "cart_items" ("end_user_id", "item_id", "amount", "created_at", "updated_at") VALUES (?, ?, ?, ?, ?)[0m  [["end_user_id", 1], ["item_id", 9], ["amount", 3], ["created_at", "2020-03-03 15:14:49.892073"], ["updated_at", "2020-03-03 15:14:49.892073"]]
  ↳ db/seeds.rb:55
  [1m[35m (0.9ms)[0m  [1m[36mcommit transaction[0m
  ↳ db/seeds.rb:55
  [1m[35m (0.0ms)[0m  [1m[36mbegin transaction[0m
  ↳ db/seeds.rb:56
  [1m[36mEndUser Load (0.2ms)[0m  [1m[34mSELECT  "end_users".* FROM "end_users" WHERE "end_users"."id" = ? LIMIT ?[0m  [["id", 1], ["LIMIT", 1]]
  ↳ db/seeds.rb:56
  [1m[36mItem Load (0.0ms)[0m  [1m[34mSELECT  "items".* FROM "items" WHERE "items"."id" = ? LIMIT ?[0m  [["id", 7], ["LIMIT", 1]]
  ↳ db/seeds.rb:56
  [1m[36mCartItem Create (0.8ms)[0m  [1m[32mINSERT INTO "cart_items" ("end_user_id", "item_id", "amount", "created_at", "updated_at") VALUES (?, ?, ?, ?, ?)[0m  [["end_user_id", 1], ["item_id", 7], ["amount", 5], ["created_at", "2020-03-03 15:14:49.896985"], ["updated_at", "2020-03-03 15:14:49.896985"]]
  ↳ db/seeds.rb:56
  [1m[35m (0.9ms)[0m  [1m[36mcommit transaction[0m
  ↳ db/seeds.rb:56
  [1m[35m (0.0ms)[0m  [1m[36mbegin transaction[0m
  ↳ db/seeds.rb:57
  [1m[36mEndUser Load (0.3ms)[0m  [1m[34mSELECT  "end_users".* FROM "end_users" WHERE "end_users"."id" = ? LIMIT ?[0m  [["id", 1], ["LIMIT", 1]]
  ↳ db/seeds.rb:57
  [1m[36mItem Load (0.0ms)[0m  [1m[34mSELECT  "items".* FROM "items" WHERE "items"."id" = ? LIMIT ?[0m  [["id", 2], ["LIMIT", 1]]
  ↳ db/seeds.rb:57
  [1m[36mCartItem Create (0.9ms)[0m  [1m[32mINSERT INTO "cart_items" ("end_user_id", "item_id", "amount", "created_at", "updated_at") VALUES (?, ?, ?, ?, ?)[0m  [["end_user_id", 1], ["item_id", 2], ["amount", 7], ["created_at", "2020-03-03 15:14:49.901860"], ["updated_at", "2020-03-03 15:14:49.901860"]]
  ↳ db/seeds.rb:57
  [1m[35m (1.4ms)[0m  [1m[36mcommit transaction[0m
  ↳ db/seeds.rb:57
  [1m[35m (0.0ms)[0m  [1m[36mbegin transaction[0m
  ↳ db/seeds.rb:58
  [1m[36mEndUser Load (0.3ms)[0m  [1m[34mSELECT  "end_users".* FROM "end_users" WHERE "end_users"."id" = ? LIMIT ?[0m  [["id", 1], ["LIMIT", 1]]
  ↳ db/seeds.rb:58
  [1m[36mItem Load (0.1ms)[0m  [1m[34mSELECT  "items".* FROM "items" WHERE "items"."id" = ? LIMIT ?[0m  [["id", 11], ["LIMIT", 1]]
  ↳ db/seeds.rb:58
  [1m[36mCartItem Create (0.9ms)[0m  [1m[32mINSERT INTO "cart_items" ("end_user_id", "item_id", "amount", "created_at", "updated_at") VALUES (?, ?, ?, ?, ?)[0m  [["end_user_id", 1], ["item_id", 11], ["amount", 11], ["created_at", "2020-03-03 15:14:49.907845"], ["updated_at", "2020-03-03 15:14:49.907845"]]
  ↳ db/seeds.rb:58
  [1m[35m (0.9ms)[0m  [1m[36mcommit transaction[0m
  ↳ db/seeds.rb:58
  [1m[35m (0.0ms)[0m  [1m[36mbegin transaction[0m
  ↳ db/seeds.rb:59
  [1m[36mEndUser Load (0.2ms)[0m  [1m[34mSELECT  "end_users".* FROM "end_users" WHERE "end_users"."id" = ? LIMIT ?[0m  [["id", 1], ["LIMIT", 1]]
  ↳ db/seeds.rb:59
  [1m[36mItem Load (0.0ms)[0m  [1m[34mSELECT  "items".* FROM "items" WHERE "items"."id" = ? LIMIT ?[0m  [["id", 10], ["LIMIT", 1]]
  ↳ db/seeds.rb:59
  [1m[36mCartItem Create (0.8ms)[0m  [1m[32mINSERT INTO "cart_items" ("end_user_id", "item_id", "amount", "created_at", "updated_at") VALUES (?, ?, ?, ?, ?)[0m  [["end_user_id", 1], ["item_id", 10], ["amount", 13], ["created_at", "2020-03-03 15:14:49.912622"], ["updated_at", "2020-03-03 15:14:49.912622"]]
  ↳ db/seeds.rb:59
  [1m[35m (1.0ms)[0m  [1m[36mcommit transaction[0m
  ↳ db/seeds.rb:59
  [1m[35m (0.0ms)[0m  [1m[36mbegin transaction[0m
  ↳ db/seeds.rb:60
  [1m[36mEndUser Load (0.3ms)[0m  [1m[34mSELECT  "end_users".* FROM "end_users" WHERE "end_users"."id" = ? LIMIT ?[0m  [["id", 2], ["LIMIT", 1]]
  ↳ db/seeds.rb:60
  [1m[36mItem Load (0.0ms)[0m  [1m[34mSELECT  "items".* FROM "items" WHERE "items"."id" = ? LIMIT ?[0m  [["id", 6], ["LIMIT", 1]]
  ↳ db/seeds.rb:60
  [1m[36mCartItem Create (0.7ms)[0m  [1m[32mINSERT INTO "cart_items" ("end_user_id", "item_id", "amount", "created_at", "updated_at") VALUES (?, ?, ?, ?, ?)[0m  [["end_user_id", 2], ["item_id", 6], ["amount", 17], ["created_at", "2020-03-03 15:14:49.917294"], ["updated_at", "2020-03-03 15:14:49.917294"]]
  ↳ db/seeds.rb:60
  [1m[35m (1.0ms)[0m  [1m[36mcommit transaction[0m
  ↳ db/seeds.rb:60
  [1m[35m (0.0ms)[0m  [1m[36mbegin transaction[0m
  ↳ db/seeds.rb:61
  [1m[36mEndUser Load (0.3ms)[0m  [1m[34mSELECT  "end_users".* FROM "end_users" WHERE "end_users"."id" = ? LIMIT ?[0m  [["id", 2], ["LIMIT", 1]]
  ↳ db/seeds.rb:61
  [1m[36mItem Load (0.0ms)[0m  [1m[34mSELECT  "items".* FROM "items" WHERE "items"."id" = ? LIMIT ?[0m  [["id", 8], ["LIMIT", 1]]
  ↳ db/seeds.rb:61
  [1m[36mCartItem Create (1.0ms)[0m  [1m[32mINSERT INTO "cart_items" ("end_user_id", "item_id", "amount", "created_at", "updated_at") VALUES (?, ?, ?, ?, ?)[0m  [["end_user_id", 2], ["item_id", 8], ["amount", 19], ["created_at", "2020-03-03 15:14:49.922778"], ["updated_at", "2020-03-03 15:14:49.922778"]]
  ↳ db/seeds.rb:61
  [1m[35m (1.3ms)[0m  [1m[36mcommit transaction[0m
  ↳ db/seeds.rb:61
  [1m[35m (0.0ms)[0m  [1m[36mbegin transaction[0m
  ↳ db/seeds.rb:62
  [1m[36mEndUser Load (0.4ms)[0m  [1m[34mSELECT  "end_users".* FROM "end_users" WHERE "end_users"."id" = ? LIMIT ?[0m  [["id", 2], ["LIMIT", 1]]
  ↳ db/seeds.rb:62
  [1m[36mItem Load (0.1ms)[0m  [1m[34mSELECT  "items".* FROM "items" WHERE "items"."id" = ? LIMIT ?[0m  [["id", 3], ["LIMIT", 1]]
  ↳ db/seeds.rb:62
  [1m[36mCartItem Create (1.0ms)[0m  [1m[32mINSERT INTO "cart_items" ("end_user_id", "item_id", "amount", "created_at", "updated_at") VALUES (?, ?, ?, ?, ?)[0m  [["end_user_id", 2], ["item_id", 3], ["amount", 23], ["created_at", "2020-03-03 15:14:49.929185"], ["updated_at", "2020-03-03 15:14:49.929185"]]
  ↳ db/seeds.rb:62
  [1m[35m (1.2ms)[0m  [1m[36mcommit transaction[0m
  ↳ db/seeds.rb:62
  [1m[35m (0.0ms)[0m  [1m[36mbegin transaction[0m
  ↳ db/seeds.rb:63
  [1m[36mEndUser Load (0.2ms)[0m  [1m[34mSELECT  "end_users".* FROM "end_users" WHERE "end_users"."id" = ? LIMIT ?[0m  [["id", 3], ["LIMIT", 1]]
  ↳ db/seeds.rb:63
  [1m[36mItem Load (0.1ms)[0m  [1m[34mSELECT  "items".* FROM "items" WHERE "items"."id" = ? LIMIT ?[0m  [["id", 13], ["LIMIT", 1]]
  ↳ db/seeds.rb:63
  [1m[36mCartItem Create (1.2ms)[0m  [1m[32mINSERT INTO "cart_items" ("end_user_id", "item_id", "amount", "created_at", "updated_at") VALUES (?, ?, ?, ?, ?)[0m  [["end_user_id", 3], ["item_id", 13], ["amount", 31], ["created_at", "2020-03-03 15:14:49.935383"], ["updated_at", "2020-03-03 15:14:49.935383"]]
  ↳ db/seeds.rb:63
  [1m[35m (1.3ms)[0m  [1m[36mcommit transaction[0m
  ↳ db/seeds.rb:63
  [1m[35m (0.0ms)[0m  [1m[36mbegin transaction[0m
  ↳ db/seeds.rb:64
  [1m[36mEndUser Load (0.5ms)[0m  [1m[34mSELECT  "end_users".* FROM "end_users" WHERE "end_users"."id" = ? LIMIT ?[0m  [["id", 3], ["LIMIT", 1]]
  ↳ db/seeds.rb:64
  [1m[36mItem Load (0.1ms)[0m  [1m[34mSELECT  "items".* FROM "items" WHERE "items"."id" = ? LIMIT ?[0m  [["id", 4], ["LIMIT", 1]]
  ↳ db/seeds.rb:64
  [1m[36mCartItem Create (1.4ms)[0m  [1m[32mINSERT INTO "cart_items" ("end_user_id", "item_id", "amount", "created_at", "updated_at") VALUES (?, ?, ?, ?, ?)[0m  [["end_user_id", 3], ["item_id", 4], ["amount", 37], ["created_at", "2020-03-03 15:14:49.942651"], ["updated_at", "2020-03-03 15:14:49.942651"]]
  ↳ db/seeds.rb:64
  [1m[35m (1.7ms)[0m  [1m[36mcommit transaction[0m
  ↳ db/seeds.rb:64
  [1m[35m (0.1ms)[0m  [1m[36mbegin transaction[0m
  ↳ db/seeds.rb:65
  [1m[36mEndUser Load (0.5ms)[0m  [1m[34mSELECT  "end_users".* FROM "end_users" WHERE "end_users"."id" = ? LIMIT ?[0m  [["id", 3], ["LIMIT", 1]]
  ↳ db/seeds.rb:65
  [1m[36mItem Load (0.1ms)[0m  [1m[34mSELECT  "items".* FROM "items" WHERE "items"."id" = ? LIMIT ?[0m  [["id", 5], ["LIMIT", 1]]
  ↳ db/seeds.rb:65
  [1m[36mCartItem Create (1.4ms)[0m  [1m[32mINSERT INTO "cart_items" ("end_user_id", "item_id", "amount", "created_at", "updated_at") VALUES (?, ?, ?, ?, ?)[0m  [["end_user_id", 3], ["item_id", 5], ["amount", 3], ["created_at", "2020-03-03 15:14:49.951268"], ["updated_at", "2020-03-03 15:14:49.951268"]]
  ↳ db/seeds.rb:65
  [1m[35m (2.2ms)[0m  [1m[36mcommit transaction[0m
  ↳ db/seeds.rb:65
  [1m[35m (0.1ms)[0m  [1m[36mbegin transaction[0m
  ↳ db/seeds.rb:69
  [1m[36mEndUser Load (0.6ms)[0m  [1m[34mSELECT  "end_users".* FROM "end_users" WHERE "end_users"."id" = ? LIMIT ?[0m  [["id", 1], ["LIMIT", 1]]
  ↳ db/seeds.rb:69
  [1m[36mOrder Create (1.2ms)[0m  [1m[32mINSERT INTO "orders" ("end_user_id", "postal_code", "ship_to", "consignee", "payment", "postage", "total_price", "order_status", "created_at", "updated_at") VALUES (?, ?, ?, ?, ?, ?, ?, ?, ?, ?)[0m  [["end_user_id", 1], ["postal_code", "1010041"], ["ship_to", "東京都千代田区神田須田町１−２２"], ["consignee", "株式会社ハル研究所"], ["payment", 0], ["postage", 800], ["total_price", 15585], ["order_status", 1], ["created_at", "2020-03-02 15:14:49.957336"], ["updated_at", "2020-03-03 15:14:49.971496"]]
  ↳ db/seeds.rb:69
  [1m[35m (1.1ms)[0m  [1m[36mcommit transaction[0m
  ↳ db/seeds.rb:69
  [1m[35m (0.0ms)[0m  [1m[36mbegin transaction[0m
  ↳ db/seeds.rb:70
  [1m[36mEndUser Load (0.3ms)[0m  [1m[34mSELECT  "end_users".* FROM "end_users" WHERE "end_users"."id" = ? LIMIT ?[0m  [["id", 1], ["LIMIT", 1]]
  ↳ db/seeds.rb:70
  [1m[36mOrder Create (0.9ms)[0m  [1m[32mINSERT INTO "orders" ("end_user_id", "postal_code", "ship_to", "consignee", "payment", "postage", "total_price", "order_status", "created_at", "updated_at") VALUES (?, ?, ?, ?, ?, ?, ?, ?, ?, ?)[0m  [["end_user_id", 1], ["postal_code", "1070052"], ["ship_to", "東京都港区赤坂２丁目１２−２３ キャビンアリーナ赤坂 201"], ["consignee", "株式会社京都アニメーション 東京オフィス"], ["payment", 1], ["postage", 800], ["total_price", 40069], ["order_status", 1], ["created_at", "2020-03-03 15:14:49.976882"], ["updated_at", "2020-03-03 15:14:49.976882"]]
  ↳ db/seeds.rb:70
  [1m[35m (0.9ms)[0m  [1m[36mcommit transaction[0m
  ↳ db/seeds.rb:70
  [1m[35m (0.0ms)[0m  [1m[36mbegin transaction[0m
  ↳ db/seeds.rb:71
  [1m[36mEndUser Load (0.2ms)[0m  [1m[34mSELECT  "end_users".* FROM "end_users" WHERE "end_users"."id" = ? LIMIT ?[0m  [["id", 2], ["LIMIT", 1]]
  ↳ db/seeds.rb:71
  [1m[36mOrder Create (0.6ms)[0m  [1m[32mINSERT INTO "orders" ("end_user_id", "postal_code", "ship_to", "consignee", "payment", "postage", "total_price", "order_status", "created_at", "updated_at") VALUES (?, ?, ?, ?, ?, ?, ?, ?, ?, ?)[0m  [["end_user_id", 2], ["postal_code", "1234567"], ["ship_to", "国会議事堂"], ["consignee", "安倍 晋三"], ["payment", 1], ["postage", 800], ["total_price", 348862], ["order_status", 1], ["created_at", "2020-03-03 15:14:49.981162"], ["updated_at", "2020-03-03 15:14:49.981162"]]
  ↳ db/seeds.rb:71
  [1m[35m (1.2ms)[0m  [1m[36mcommit transaction[0m
  ↳ db/seeds.rb:71
  [1m[35m (0.0ms)[0m  [1m[36mbegin transaction[0m
  ↳ db/seeds.rb:72
  [1m[36mEndUser Load (0.3ms)[0m  [1m[34mSELECT  "end_users".* FROM "end_users" WHERE "end_users"."id" = ? LIMIT ?[0m  [["id", 3], ["LIMIT", 1]]
  ↳ db/seeds.rb:72
  [1m[36mOrder Create (0.8ms)[0m  [1m[32mINSERT INTO "orders" ("end_user_id", "postal_code", "ship_to", "consignee", "payment", "postage", "total_price", "created_at", "updated_at") VALUES (?, ?, ?, ?, ?, ?, ?, ?, ?)[0m  [["end_user_id", 3], ["postal_code", "5830992"], ["ship_to", "大阪府南河内郡太子町"], ["consignee", "小野妹子"], ["payment", 0], ["postage", 800], ["total_price", 40356], ["created_at", "2020-03-03 15:14:49.985877"], ["updated_at", "2020-03-03 15:14:49.985877"]]
  ↳ db/seeds.rb:72
  [1m[35m (1.4ms)[0m  [1m[36mcommit transaction[0m
  ↳ db/seeds.rb:72
  [1m[35m (0.0ms)[0m  [1m[36mbegin transaction[0m
  ↳ db/seeds.rb:75
  [1m[36mOrder Load (0.4ms)[0m  [1m[34mSELECT  "orders".* FROM "orders" WHERE "orders"."id" = ? LIMIT ?[0m  [["id", 1], ["LIMIT", 1]]
  ↳ db/seeds.rb:75
  [1m[36mItem Load (0.0ms)[0m  [1m[34mSELECT  "items".* FROM "items" WHERE "items"."id" = ? LIMIT ?[0m  [["id", 1], ["LIMIT", 1]]
  ↳ db/seeds.rb:75
  [1m[36mOrderDetail Create (1.1ms)[0m  [1m[32mINSERT INTO "order_details" ("order_id", "item_id", "amount", "purchased_price", "making_status", "created_at", "updated_at") VALUES (?, ?, ?, ?, ?, ?, ?)[0m  [["order_id", 1], ["item_id", 1], ["amount", 2], ["purchased_price", 1100], ["making_status", 3], ["created_at", "2020-03-02 15:14:49.957336"], ["updated_at", "2020-03-03 15:14:50.002141"]]
  ↳ db/seeds.rb:75
  [1m[35m (1.4ms)[0m  [1m[36mcommit transaction[0m
  ↳ db/seeds.rb:75
  [1m[35m (0.0ms)[0m  [1m[36mbegin transaction[0m
  ↳ db/seeds.rb:76
  [1m[36mOrder Load (0.3ms)[0m  [1m[34mSELECT  "orders".* FROM "orders" WHERE "orders"."id" = ? LIMIT ?[0m  [["id", 1], ["LIMIT", 1]]
  ↳ db/seeds.rb:76
  [1m[36mItem Load (0.0ms)[0m  [1m[34mSELECT  "items".* FROM "items" WHERE "items"."id" = ? LIMIT ?[0m  [["id", 2], ["LIMIT", 1]]
  ↳ db/seeds.rb:76
  [1m[36mOrderDetail Create (0.9ms)[0m  [1m[32mINSERT INTO "order_details" ("order_id", "item_id", "amount", "purchased_price", "making_status", "created_at", "updated_at") VALUES (?, ?, ?, ?, ?, ?, ?)[0m  [["order_id", 1], ["item_id", 2], ["amount", 3], ["purchased_price", 1650], ["making_status", 1], ["created_at", "2020-03-02 15:14:49.957336"], ["updated_at", "2020-03-03 15:14:50.008149"]]
  ↳ db/seeds.rb:76
  [1m[35m (0.9ms)[0m  [1m[36mcommit transaction[0m
  ↳ db/seeds.rb:76
  [1m[35m (0.0ms)[0m  [1m[36mbegin transaction[0m
  ↳ db/seeds.rb:77
  [1m[36mOrder Load (0.3ms)[0m  [1m[34mSELECT  "orders".* FROM "orders" WHERE "orders"."id" = ? LIMIT ?[0m  [["id", 1], ["LIMIT", 1]]
  ↳ db/seeds.rb:77
  [1m[36mItem Load (0.1ms)[0m  [1m[34mSELECT  "items".* FROM "items" WHERE "items"."id" = ? LIMIT ?[0m  [["id", 3], ["LIMIT", 1]]
  ↳ db/seeds.rb:77
  [1m[36mOrderDetail Create (0.8ms)[0m  [1m[32mINSERT INTO "order_details" ("order_id", "item_id", "amount", "purchased_price", "making_status", "created_at", "updated_at") VALUES (?, ?, ?, ?, ?, ?, ?)[0m  [["order_id", 1], ["item_id", 3], ["amount", 5], ["purchased_price", 3080], ["making_status", 3], ["created_at", "2020-03-02 15:14:49.957336"], ["updated_at", "2020-03-03 15:14:50.013606"]]
  ↳ db/seeds.rb:77
  [1m[35m (0.9ms)[0m  [1m[36mcommit transaction[0m
  ↳ db/seeds.rb:77
  [1m[35m (0.0ms)[0m  [1m[36mbegin transaction[0m
  ↳ db/seeds.rb:78
  [1m[36mOrder Load (0.2ms)[0m  [1m[34mSELECT  "orders".* FROM "orders" WHERE "orders"."id" = ? LIMIT ?[0m  [["id", 1], ["LIMIT", 1]]
  ↳ db/seeds.rb:78
  [1m[36mItem Load (0.0ms)[0m  [1m[34mSELECT  "items".* FROM "items" WHERE "items"."id" = ? LIMIT ?[0m  [["id", 4], ["LIMIT", 1]]
  ↳ db/seeds.rb:78
  [1m[36mOrderDetail Create (0.7ms)[0m  [1m[32mINSERT INTO "order_details" ("order_id", "item_id", "amount", "purchased_price", "created_at", "updated_at") VALUES (?, ?, ?, ?, ?, ?)[0m  [["order_id", 1], ["item_id", 4], ["amount", 7], ["purchased_price", 3696], ["created_at", "2020-03-02 15:14:49.957336"], ["updated_at", "2020-03-03 15:14:50.018438"]]
  ↳ db/seeds.rb:78
  [1m[35m (1.0ms)[0m  [1m[36mcommit transaction[0m
  ↳ db/seeds.rb:78
  [1m[35m (0.0ms)[0m  [1m[36mbegin transaction[0m
  ↳ db/seeds.rb:79
  [1m[36mOrder Load (0.2ms)[0m  [1m[34mSELECT  "orders".* FROM "orders" WHERE "orders"."id" = ? LIMIT ?[0m  [["id", 1], ["LIMIT", 1]]
  ↳ db/seeds.rb:79
  [1m[36mItem Load (0.0ms)[0m  [1m[34mSELECT  "items".* FROM "items" WHERE "items"."id" = ? LIMIT ?[0m  [["id", 5], ["LIMIT", 1]]
  ↳ db/seeds.rb:79
  [1m[36mOrderDetail Create (0.7ms)[0m  [1m[32mINSERT INTO "order_details" ("order_id", "item_id", "amount", "purchased_price", "created_at", "updated_at") VALUES (?, ?, ?, ?, ?, ?)[0m  [["order_id", 1], ["item_id", 5], ["amount", 11], ["purchased_price", 3322], ["created_at", "2020-03-02 15:14:49.957336"], ["updated_at", "2020-03-03 15:14:50.023245"]]
  ↳ db/seeds.rb:79
  [1m[35m (1.1ms)[0m  [1m[36mcommit transaction[0m
  ↳ db/seeds.rb:79
  [1m[35m (0.0ms)[0m  [1m[36mbegin transaction[0m
  ↳ db/seeds.rb:80
  [1m[36mOrder Load (0.2ms)[0m  [1m[34mSELECT  "orders".* FROM "orders" WHERE "orders"."id" = ? LIMIT ?[0m  [["id", 1], ["LIMIT", 1]]
  ↳ db/seeds.rb:80
  [1m[36mItem Load (0.0ms)[0m  [1m[34mSELECT  "items".* FROM "items" WHERE "items"."id" = ? LIMIT ?[0m  [["id", 6], ["LIMIT", 1]]
  ↳ db/seeds.rb:80
  [1m[36mOrderDetail Create (0.7ms)[0m  [1m[32mINSERT INTO "order_details" ("order_id", "item_id", "amount", "purchased_price", "making_status", "created_at", "updated_at") VALUES (?, ?, ?, ?, ?, ?, ?)[0m  [["order_id", 1], ["item_id", 6], ["amount", 13], ["purchased_price", 1937], ["making_status", 1], ["created_at", "2020-03-02 15:14:49.957336"], ["updated_at", "2020-03-03 15:14:50.028423"]]
  ↳ db/seeds.rb:80
  [1m[35m (1.3ms)[0m  [1m[36mcommit transaction[0m
  ↳ db/seeds.rb:80
  [1m[35m (0.0ms)[0m  [1m[36mbegin transaction[0m
  ↳ db/seeds.rb:81
  [1m[36mOrder Load (0.3ms)[0m  [1m[34mSELECT  "orders".* FROM "orders" WHERE "orders"."id" = ? LIMIT ?[0m  [["id", 2], ["LIMIT", 1]]
  ↳ db/seeds.rb:81
  [1m[36mItem Load (0.0ms)[0m  [1m[34mSELECT  "items".* FROM "items" WHERE "items"."id" = ? LIMIT ?[0m  [["id", 14], ["LIMIT", 1]]
  ↳ db/seeds.rb:81
  [1m[36mOrderDetail Create (0.6ms)[0m  [1m[32mINSERT INTO "order_details" ("order_id", "item_id", "amount", "purchased_price", "created_at", "updated_at") VALUES (?, ?, ?, ?, ?, ?)[0m  [["order_id", 2], ["item_id", 14], ["amount", 13], ["purchased_price", 5681], ["created_at", "2020-03-03 15:14:50.033753"], ["updated_at", "2020-03-03 15:14:50.033753"]]
  ↳ db/seeds.rb:81
  [1m[35m (1.2ms)[0m  [1m[36mcommit transaction[0m
  ↳ db/seeds.rb:81
  [1m[35m (3.6ms)[0m  [1m[36mbegin transaction[0m
  ↳ db/seeds.rb:82
  [1m[36mOrder Load (0.3ms)[0m  [1m[34mSELECT  "orders".* FROM "orders" WHERE "orders"."id" = ? LIMIT ?[0m  [["id", 2], ["LIMIT", 1]]
  ↳ db/seeds.rb:82
  [1m[36mItem Load (0.0ms)[0m  [1m[34mSELECT  "items".* FROM "items" WHERE "items"."id" = ? LIMIT ?[0m  [["id", 11], ["LIMIT", 1]]
  ↳ db/seeds.rb:82
  [1m[36mOrderDetail Create (1.2ms)[0m  [1m[32mINSERT INTO "order_details" ("order_id", "item_id", "amount", "purchased_price", "making_status", "created_at", "updated_at") VALUES (?, ?, ?, ?, ?, ?, ?)[0m  [["order_id", 2], ["item_id", 11], ["amount", 19], ["purchased_price", 2508], ["making_status", 2], ["created_at", "2020-03-03 15:14:50.043222"], ["updated_at", "2020-03-03 15:14:50.043222"]]
  ↳ db/seeds.rb:82
  [1m[35m (1.6ms)[0m  [1m[36mcommit transaction[0m
  ↳ db/seeds.rb:82
  [1m[35m (0.1ms)[0m  [1m[36mbegin transaction[0m
  ↳ db/seeds.rb:83
  [1m[36mOrder Load (0.5ms)[0m  [1m[34mSELECT  "orders".* FROM "orders" WHERE "orders"."id" = ? LIMIT ?[0m  [["id", 2], ["LIMIT", 1]]
  ↳ db/seeds.rb:83
  [1m[36mItem Load (0.1ms)[0m  [1m[34mSELECT  "items".* FROM "items" WHERE "items"."id" = ? LIMIT ?[0m  [["id", 8], ["LIMIT", 1]]
  ↳ db/seeds.rb:83
  [1m[36mOrderDetail Create (2.5ms)[0m  [1m[32mINSERT INTO "order_details" ("order_id", "item_id", "amount", "purchased_price", "making_status", "created_at", "updated_at") VALUES (?, ?, ?, ?, ?, ?, ?)[0m  [["order_id", 2], ["item_id", 8], ["amount", 120], ["purchased_price", 31080], ["making_status", 2], ["created_at", "2020-03-03 15:14:50.051370"], ["updated_at", "2020-03-03 15:14:50.051370"]]
  ↳ db/seeds.rb:83
  [1m[35m (1.8ms)[0m  [1m[36mcommit transaction[0m
  ↳ db/seeds.rb:83
  [1m[35m (0.1ms)[0m  [1m[36mbegin transaction[0m
  ↳ db/seeds.rb:84
  [1m[36mOrder Load (0.3ms)[0m  [1m[34mSELECT  "orders".* FROM "orders" WHERE "orders"."id" = ? LIMIT ?[0m  [["id", 3], ["LIMIT", 1]]
  ↳ db/seeds.rb:84
  [1m[36mItem Load (0.1ms)[0m  [1m[34mSELECT  "items".* FROM "items" WHERE "items"."id" = ? LIMIT ?[0m  [["id", 1], ["LIMIT", 1]]
  ↳ db/seeds.rb:84
  [1m[36mOrderDetail Create (1.7ms)[0m  [1m[32mINSERT INTO "order_details" ("order_id", "item_id", "amount", "purchased_price", "making_status", "created_at", "updated_at") VALUES (?, ?, ?, ?, ?, ?, ?)[0m  [["order_id", 3], ["item_id", 1], ["amount", 177], ["purchased_price", 97350], ["making_status", 2], ["created_at", "2020-03-03 15:14:50.060630"], ["updated_at", "2020-03-03 15:14:50.060630"]]
  ↳ db/seeds.rb:84
  [1m[35m (2.1ms)[0m  [1m[36mcommit transaction[0m
  ↳ db/seeds.rb:84
  [1m[35m (0.0ms)[0m  [1m[36mbegin transaction[0m
  ↳ db/seeds.rb:85
  [1m[36mOrder Load (0.7ms)[0m  [1m[34mSELECT  "orders".* FROM "orders" WHERE "orders"."id" = ? LIMIT ?[0m  [["id", 3], ["LIMIT", 1]]
  ↳ db/seeds.rb:85
  [1m[36mItem Load (0.0ms)[0m  [1m[34mSELECT  "items".* FROM "items" WHERE "items"."id" = ? LIMIT ?[0m  [["id", 2], ["LIMIT", 1]]
  ↳ db/seeds.rb:85
  [1m[36mOrderDetail Create (1.4ms)[0m  [1m[32mINSERT INTO "order_details" ("order_id", "item_id", "amount", "purchased_price", "making_status", "created_at", "updated_at") VALUES (?, ?, ?, ?, ?, ?, ?)[0m  [["order_id", 3], ["item_id", 2], ["amount", 196], ["purchased_price", 107800], ["making_status", 2], ["created_at", "2020-03-03 15:14:50.069949"], ["updated_at", "2020-03-03 15:14:50.069949"]]
  ↳ db/seeds.rb:85
  [1m[35m (1.0ms)[0m  [1m[36mcommit transaction[0m
  ↳ db/seeds.rb:85
  [1m[35m (0.0ms)[0m  [1m[36mbegin transaction[0m
  ↳ db/seeds.rb:86
  [1m[36mOrder Load (0.3ms)[0m  [1m[34mSELECT  "orders".* FROM "orders" WHERE "orders"."id" = ? LIMIT ?[0m  [["id", 3], ["LIMIT", 1]]
  ↳ db/seeds.rb:86
  [1m[36mItem Load (0.0ms)[0m  [1m[34mSELECT  "items".* FROM "items" WHERE "items"."id" = ? LIMIT ?[0m  [["id", 3], ["LIMIT", 1]]
  ↳ db/seeds.rb:86
  [1m[36mOrderDetail Create (1.1ms)[0m  [1m[32mINSERT INTO "order_details" ("order_id", "item_id", "amount", "purchased_price", "making_status", "created_at", "updated_at") VALUES (?, ?, ?, ?, ?, ?, ?)[0m  [["order_id", 3], ["item_id", 3], ["amount", 232], ["purchased_price", 142912], ["making_status", 2], ["created_at", "2020-03-03 15:14:50.075587"], ["updated_at", "2020-03-03 15:14:50.075587"]]
  ↳ db/seeds.rb:86
  [1m[35m (0.9ms)[0m  [1m[36mcommit transaction[0m
  ↳ db/seeds.rb:86
  [1m[35m (0.0ms)[0m  [1m[36mbegin transaction[0m
  ↳ db/seeds.rb:87
  [1m[36mOrder Load (0.2ms)[0m  [1m[34mSELECT  "orders".* FROM "orders" WHERE "orders"."id" = ? LIMIT ?[0m  [["id", 4], ["LIMIT", 1]]
  ↳ db/seeds.rb:87
  [1m[36mItem Load (0.1ms)[0m  [1m[34mSELECT  "items".* FROM "items" WHERE "items"."id" = ? LIMIT ?[0m  [["id", 3], ["LIMIT", 1]]
  ↳ db/seeds.rb:87
  [1m[36mOrderDetail Create (0.6ms)[0m  [1m[32mINSERT INTO "order_details" ("order_id", "item_id", "amount", "purchased_price", "created_at", "updated_at") VALUES (?, ?, ?, ?, ?, ?)[0m  [["order_id", 4], ["item_id", 3], ["amount", 31], ["purchased_price", 19096], ["created_at", "2020-03-03 15:14:50.080549"], ["updated_at", "2020-03-03 15:14:50.080549"]]
  ↳ db/seeds.rb:87
  [1m[35m (0.9ms)[0m  [1m[36mcommit transaction[0m
  ↳ db/seeds.rb:87
  [1m[35m (0.0ms)[0m  [1m[36mbegin transaction[0m
  ↳ db/seeds.rb:88
  [1m[36mOrder Load (0.2ms)[0m  [1m[34mSELECT  "orders".* FROM "orders" WHERE "orders"."id" = ? LIMIT ?[0m  [["id", 4], ["LIMIT", 1]]
  ↳ db/seeds.rb:88
  [1m[36mItem Load (0.0ms)[0m  [1m[34mSELECT  "items".* FROM "items" WHERE "items"."id" = ? LIMIT ?[0m  [["id", 2], ["LIMIT", 1]]
  ↳ db/seeds.rb:88
  [1m[36mOrderDetail Create (0.6ms)[0m  [1m[32mINSERT INTO "order_details" ("order_id", "item_id", "amount", "purchased_price", "created_at", "updated_at") VALUES (?, ?, ?, ?, ?, ?)[0m  [["order_id", 4], ["item_id", 2], ["amount", 37], ["purchased_price", 20350], ["created_at", "2020-03-03 15:14:50.084997"], ["updated_at", "2020-03-03 15:14:50.084997"]]
  ↳ db/seeds.rb:88
  [1m[35m (1.0ms)[0m  [1m[36mcommit transaction[0m
  ↳ db/seeds.rb:88
  [1m[35m (0.0ms)[0m  [1m[36mbegin transaction[0m
  ↳ db/seeds.rb:89
  [1m[36mOrder Load (0.3ms)[0m  [1m[34mSELECT  "orders".* FROM "orders" WHERE "orders"."id" = ? LIMIT ?[0m  [["id", 4], ["LIMIT", 1]]
  ↳ db/seeds.rb:89
  [1m[36mItem Load (0.0ms)[0m  [1m[34mSELECT  "items".* FROM "items" WHERE "items"."id" = ? LIMIT ?[0m  [["id", 10], ["LIMIT", 1]]
  ↳ db/seeds.rb:89
  [1m[36mOrderDetail Create (0.6ms)[0m  [1m[32mINSERT INTO "order_details" ("order_id", "item_id", "amount", "purchased_price", "created_at", "updated_at") VALUES (?, ?, ?, ?, ?, ?)[0m  [["order_id", 4], ["item_id", 10], ["amount", 1], ["purchased_price", 110], ["created_at", "2020-03-03 15:14:50.089665"], ["updated_at", "2020-03-03 15:14:50.089665"]]
  ↳ db/seeds.rb:89
  [1m[35m (0.9ms)[0m  [1m[36mcommit transaction[0m
  ↳ db/seeds.rb:89
